Build started 2012-09-26 오전 11:46:51.
     1>Project "C:\opt\rosws\fuerte\sdk-tutorials\add_two_ints_client\add_two_ints_client.vcxproj" on node 2 (rebuild target(s)).
     1>InitializeBuildStatus:
         Creating "ReleaseWithDebugSymbol\add_two_ints_client.unsuccessfulbuild" because "AlwaysCreate" was specified.
       ClCompile:
         C:\Program Files (x86)\Microsoft Visual Studio 10.0\VC\bin\CL.exe /c /I"C:\opt\rosws\fuerte\sdk-tutorials\..\..\..\rosdeps\fuerte\x86\include" /I"C:\opt\rosws\fuerte\sdk-tutorials\..\..\..\ros\fuerte\x86\include" /Zi /nologo /W3 /WX- /O2 /Oi /Oy- /GL /D WIN32 /D NDEBUG /D _CONSOLE /D ROS_BUILD_SHARED_LIBS=1 /D BOOST_ALL_NO_LIB=1 /D _UNICODE /D UNICODE /Gm- /EHsc /MD /GS /Gy /fp:precise /Zc:wchar_t /Zc:forScope /Yc"StdAfx.h" /Fp"ReleaseWithDebugSymbol\add_two_ints_client.pch" /Fo"ReleaseWithDebugSymbol\\" /Fd"ReleaseWithDebugSymbol\vc100.pdb" /Gd /TP /analyze- /errorReport:prompt stdafx.cpp
         stdafx.cpp
         C:\Program Files (x86)\Microsoft Visual Studio 10.0\VC\bin\CL.exe /c /I"C:\opt\rosws\fuerte\sdk-tutorials\..\..\..\rosdeps\fuerte\x86\include" /I"C:\opt\rosws\fuerte\sdk-tutorials\..\..\..\ros\fuerte\x86\include" /Zi /nologo /W3 /WX- /O2 /Oi /Oy- /GL /D WIN32 /D NDEBUG /D _CONSOLE /D ROS_BUILD_SHARED_LIBS=1 /D BOOST_ALL_NO_LIB=1 /D _UNICODE /D UNICODE /Gm- /EHsc /MD /GS /Gy /fp:precise /Zc:wchar_t /Zc:forScope /Yu"StdAfx.h" /Fp"ReleaseWithDebugSymbol\add_two_ints_client.pch" /Fo"ReleaseWithDebugSymbol\\" /Fd"ReleaseWithDebugSymbol\vc100.pdb" /Gd /TP /analyze- /errorReport:prompt add_two_ints_client.cpp
         add_two_ints_client.cpp
     1>C:\opt\rosdeps\fuerte\x86\include\boost/format/alt_sstream_impl.hpp : warning C4819: The file contains a character that cannot be represented in the current code page (949). Save the file in Unicode format to prevent data loss
       Link:
         C:\Program Files (x86)\Microsoft Visual Studio 10.0\VC\bin\link.exe /ERRORREPORT:PROMPT /OUT:"C:\opt\rosws\fuerte\sdk-tutorials\ReleaseWithDebugSymbol\add_two_ints_client.exe" /INCREMENTAL:NO /NOLOGO /LIBPATH:"C:\opt\rosws\fuerte\sdk-tutorials\..\..\..\rosdeps\fuerte\x86\lib" /LIBPATH:"C:\opt\rosws\fuerte\sdk-tutorials\..\..\..\ros\fuerte\x86\lib" "boost_thread-vc-mt-1_47.lib" actionlib.lib roscpp.lib roscpp_serialization.lib rosconsole.lib rostime.lib roscpp.lib roscpp_serialization.lib rosconsole.lib rostime.lib kernel32.lib user32.lib gdi32.lib winspool.lib comdlg32.lib advapi32.lib shell32.lib ole32.lib oleaut32.lib uuid.lib odbc32.lib odbccp32.lib /MANIFEST /ManifestFile:"ReleaseWithDebugSymbol\add_two_ints_client.exe.intermediate.manifest" /MANIFESTUAC:"level='asInvoker' uiAccess='false'" /DEBUG /PDB:"C:\opt\rosws\fuerte\sdk-tutorials\ReleaseWithDebugSymbol\add_two_ints_client.pdb" /SUBSYSTEM:CONSOLE /OPT:REF /OPT:ICF /LTCG /TLBID:1 /DYNAMICBASE /NXCOMPAT /IMPLIB:"C:\opt\rosws\fuerte\sdk-tutorials\ReleaseWithDebugSymbol\add_two_ints_client.lib" /MACHINE:X86 ReleaseWithDebugSymbol\add_two_ints_client.obj
         ReleaseWithDebugSymbol\stdafx.obj
         Generating code
         Finished generating code
         add_two_ints_client.vcxproj -> C:\opt\rosws\fuerte\sdk-tutorials\ReleaseWithDebugSymbol\add_two_ints_client.exe
       Manifest:
         C:\Program Files (x86)\Microsoft SDKs\Windows\v7.0A\bin\mt.exe /nologo /verbose /outputresource:"C:\opt\rosws\fuerte\sdk-tutorials\ReleaseWithDebugSymbol\add_two_ints_client.exe;#1" /manifest ReleaseWithDebugSymbol\add_two_ints_client.exe.intermediate.manifest
       FinalizeBuildStatus:
         Deleting file "ReleaseWithDebugSymbol\add_two_ints_client.unsuccessfulbuild".
         Touching "ReleaseWithDebugSymbol\add_two_ints_client.lastbuildstate".
     1>Done Building Project "C:\opt\rosws\fuerte\sdk-tutorials\add_two_ints_client\add_two_ints_client.vcxproj" (rebuild target(s)).

Build succeeded.

Time Elapsed 00:00:10.76
