Build started 2012-09-26 오후 5:03:40.
     1>Project "C:\opt\rosws\fuerte\sdk-tutorials\add_two_ints_server\add_two_ints_server.vcxproj" on node 2 (build target(s)).
     1>InitializeBuildStatus:
         Touching "ReleaseWithDebugSymbol\add_two_ints_server.unsuccessfulbuild".
       ClCompile:
         All outputs are up-to-date.
         All outputs are up-to-date.
       Link:
         C:\Program Files (x86)\Microsoft Visual Studio 10.0\VC\bin\link.exe /ERRORREPORT:PROMPT /OUT:"C:\opt\rosws\fuerte\sdk-tutorials\ReleaseWithDebugSymbol\add_two_ints_server.exe" /INCREMENTAL:NO /NOLOGO /LIBPATH:"C:\opt\rosws\fuerte\sdk-tutorials\..\..\..\rosdeps\fuerte\x86\lib" /LIBPATH:"C:\opt\rosws\fuerte\sdk-tutorials\..\..\..\ros\fuerte\x86\lib" "boost_thread-vc-mt-1_47.lib" actionlib.lib roscpp.lib roscpp_serialization.lib rosconsole.lib rostime.lib roscpp.lib roscpp_serialization.lib rosconsole.lib rostime.lib kernel32.lib user32.lib gdi32.lib winspool.lib comdlg32.lib advapi32.lib shell32.lib ole32.lib oleaut32.lib uuid.lib odbc32.lib odbccp32.lib /MANIFEST /ManifestFile:"ReleaseWithDebugSymbol\add_two_ints_server.exe.intermediate.manifest" /MANIFESTUAC:"level='asInvoker' uiAccess='false'" /DEBUG /PDB:"C:\opt\rosws\fuerte\sdk-tutorials\ReleaseWithDebugSymbol\add_two_ints_server.pdb" /SUBSYSTEM:CONSOLE /OPT:REF /OPT:ICF /LTCG /TLBID:1 /DYNAMICBASE /NXCOMPAT /IMPLIB:"C:\opt\rosws\fuerte\sdk-tutorials\ReleaseWithDebugSymbol\add_two_ints_server.lib" /MACHINE:X86 ReleaseWithDebugSymbol\add_two_ints_server.obj
         ReleaseWithDebugSymbol\stdafx.obj
         Generating code
         Finished generating code
         add_two_ints_server.vcxproj -> C:\opt\rosws\fuerte\sdk-tutorials\ReleaseWithDebugSymbol\add_two_ints_server.exe
       Manifest:
         C:\Program Files (x86)\Microsoft SDKs\Windows\v7.0A\bin\mt.exe /nologo /verbose /outputresource:"C:\opt\rosws\fuerte\sdk-tutorials\ReleaseWithDebugSymbol\add_two_ints_server.exe;#1" /manifest ReleaseWithDebugSymbol\add_two_ints_server.exe.intermediate.manifest
       FinalizeBuildStatus:
         Deleting file "ReleaseWithDebugSymbol\add_two_ints_server.unsuccessfulbuild".
         Touching "ReleaseWithDebugSymbol\add_two_ints_server.lastbuildstate".
     1>Done Building Project "C:\opt\rosws\fuerte\sdk-tutorials\add_two_ints_server\add_two_ints_server.vcxproj" (build target(s)).

Build succeeded.

Time Elapsed 00:00:03.23
